<?xml version="1.0" encoding="UTF-8"?>
<!-- Generated by org.testng.reporters.JUnitReportReporter -->
<testsuite hostname="DESKTOP-NK7FIIL" failures="0" tests="3" name="com.selenium.automation.SeleniumAutomation.tests.StandAloneTest" time="59.456" errors="0" timestamp="03 Dec 2023 17:43:24 GMT" skipped="0">
  <testcase classname="com.selenium.automation.SeleniumAutomation.tests.StandAloneTest" name="submitOrder" time="30.786"/>
  <testcase classname="com.selenium.automation.SeleniumAutomation.tests.StandAloneTest" name="orderHistory" time="9.971"/>
  <testcase classname="com.selenium.automation.SeleniumAutomation.tests.StandAloneTest" name="submitOrder" time="18.699"/>
</testsuite> <!-- com.selenium.automation.SeleniumAutomation.tests.StandAloneTest -->
